e:\vs\code\mount\mounthuang\x64\debug\moc_mounthuang.obj
e:\vs\code\mount\mounthuang\x64\debug\qrc_mounthuang.obj
e:\vs\code\mount\mounthuang\x64\debug\vc143.pdb
e:\vs\code\mount\mounthuang\x64\debug\main.obj
e:\vs\code\mount\mounthuang\x64\debug\mounthuang.obj
e:\vs\code\mount\mounthuang\x64\debug\mounthuang.exe
e:\vs\code\mount\mounthuang\x64\debug\mounthuang.ilk
e:\vs\code\mount\mounthuang\x64\debug\mounthuang.pdb
e:\vs\code\mount\mounthuang\x64\debug\moc\moc_mounthuang.cpp
e:\vs\code\mount\mounthuang\x64\debug\uic\ui_mounthuang.h
e:\vs\code\mount\mounthuang\x64\debug\rcc\qrc_mounthuang.cpp
e:\vs\code\mount\mounthuang\x64\debug\mounthuang.tlog\cl.command.1.tlog
e:\vs\code\mount\mounthuang\x64\debug\mounthuang.tlog\cl.read.1.tlog
e:\vs\code\mount\mounthuang\x64\debug\mounthuang.tlog\cl.write.1.tlog
e:\vs\code\mount\mounthuang\x64\debug\mounthuang.tlog\link.command.1.tlog
e:\vs\code\mount\mounthuang\x64\debug\mounthuang.tlog\link.read.1.tlog
e:\vs\code\mount\mounthuang\x64\debug\mounthuang.tlog\link.write.1.tlog
e:\vs\code\mount\mounthuang\x64\debug\mounthuang.tlog\moc.read.1u.tlog
e:\vs\code\mount\mounthuang\x64\debug\mounthuang.tlog\moc.write.1u.tlog
e:\vs\code\mount\mounthuang\x64\debug\mounthuang.tlog\mounthuang.write.1u.tlog
e:\vs\code\mount\mounthuang\x64\debug\mounthuang.tlog\rcc.read.1u.tlog
e:\vs\code\mount\mounthuang\x64\debug\mounthuang.tlog\rcc.write.1u.tlog
e:\vs\code\mount\mounthuang\x64\debug\mounthuang.tlog\uic.read.1u.tlog
e:\vs\code\mount\mounthuang\x64\debug\mounthuang.tlog\uic.write.1u.tlog
